INFO: [SIM 2] *************** CSIM start ***************
INFO: [SIM 4] CSIM will launch GCC as the compiler.
   Compiling ../../../../../Users/chuli/Desktop/Xillinx_Project/on_board_training_v3/batch_1/tb.cc in debug mode
   Compiling ../../../../../Users/chuli/Desktop/Xillinx_Project/on_board_training_v3/batch_1/resnet20.cc in debug mode
   Generating csim.exe
--------------- iteration 1 ---------------
loss_sw: 3.32193
error_sw: -0.9  

loss_hw: 3.32193
error_hw: -0.9  

loss_bm: 3.32193
error_bm: -0.9  
--------------- iteration 2 ---------------
loss_sw: 3.13362
error_sw: -0.886057  

loss_hw: 3.28402
error_hw: -0.897337  

loss_bm: 3.28531
error_bm: -0.897429  
--------------- iteration 3 ---------------
loss_sw: 2.95713
error_sw: -0.87123  

loss_hw: 3.21524
error_hw: -0.892325  

loss_bm: 3.21905
error_bm: -0.892609  
--------------- iteration 4 ---------------
loss_sw: 2.78923
error_sw: -0.855337  

loss_hw: 3.117
error_hw: -0.884737  

loss_bm: 3.12755
error_bm: -0.885577  
--------------- iteration 5 ---------------
loss_sw: 2.62731
error_sw: -0.838155  

loss_hw: 2.99146
error_hw: -0.874258  

loss_bm: 3.01047
error_bm: -0.875904  
--------------- iteration 6 ---------------
loss_sw: 2.46974
error_sw: -0.819476  

loss_hw: 2.84169
error_hw: -0.860502  

loss_bm: 2.86829
error_bm: -0.863051  
--------------- iteration 7 ---------------
loss_sw: 2.31559
error_sw: -0.799119  

loss_hw: 2.67163
error_hw: -0.843051  

loss_bm: 2.70076
error_bm: -0.846188  
--------------- iteration 8 ---------------
loss_sw: 2.16436
error_sw: -0.776919  

loss_hw: 2.48612
error_hw: -0.821514  

loss_bm: 2.52558
error_bm: -0.82633  
--------------- iteration 9 ---------------
loss_sw: 2.01595
error_sw: -0.752749  

loss_hw: 2.29063
error_hw: -0.795614  

loss_bm: 2.34482
error_bm: -0.803148  
--------------- iteration 10 ---------------
loss_sw: 1.87038
error_sw: -0.726499  

loss_hw: 2.09102
error_hw: -0.765285  

loss_bm: 2.15172
error_bm: -0.774956  
--------------- iteration 11 ---------------
loss_sw: 1.72798
error_sw: -0.698125  

loss_hw: 1.89302
error_hw: -0.730757  

loss_bm: 1.95751
error_bm: -0.742527  
--------------- iteration 12 ---------------
loss_sw: 1.58966
error_sw: -0.66775  

loss_hw: 1.70184
error_hw: -0.692606  

loss_bm: 1.77186
error_bm: -0.707169  
--------------- iteration 13 ---------------
loss_sw: 1.45671
error_sw: -0.635678  

loss_hw: 1.52172
error_hw: -0.651729  

loss_bm: 1.59917
error_bm: -0.669932  
--------------- iteration 14 ---------------
loss_sw: 1.33037
error_sw: -0.602333  

loss_hw: 1.35566
error_hw: -0.609245  

loss_bm: 1.43594
error_bm: -0.630395  
--------------- iteration 15 ---------------
loss_sw: 1.21166
error_sw: -0.568228  

loss_hw: 1.20539
error_hw: -0.566348  

loss_bm: 1.28876
error_bm: -0.590698  
--------------- iteration 16 ---------------
loss_sw: 1.10126
error_sw: -0.533891  

loss_hw: 1.07144
error_hw: -0.524155  

loss_bm: 1.14714
error_bm: -0.54848  
--------------- iteration 17 ---------------
loss_sw: 0.99935
error_sw: -0.499775  

loss_hw: 0.953397
error_hw: -0.483585  

loss_bm: 1.02356
error_bm: -0.508098  
--------------- iteration 18 ---------------
loss_sw: 0.906001
error_sw: -0.466338  

loss_hw: 0.850225
error_hw: -0.445302  

loss_bm: 0.915444
error_bm: -0.469819  
--------------- iteration 19 ---------------
loss_sw: 0.821189
error_sw: -0.434025  

loss_hw: 0.76051
error_hw: -0.409712  

loss_bm: 0.820562
error_bm: -0.433779  
--------------- iteration 20 ---------------
loss_sw: 0.744764
error_sw: -0.403235  

loss_hw: 0.682698
error_hw: -0.377001  

loss_bm: 0.738317
error_bm: -0.400562  
--------------- iteration 21 ---------------
loss_sw: 0.676061
error_sw: -0.374128  

loss_hw: 0.615245
error_hw: -0.347181  

loss_bm: 0.663756
error_bm: -0.368767  
--------------- iteration 22 ---------------
loss_sw: 0.614282
error_sw: -0.346745  

loss_hw: 0.556711
error_hw: -0.32015  

loss_bm: 0.60265
error_bm: -0.341457  
--------------- iteration 23 ---------------
loss_sw: 0.558819
error_sw: -0.321143  

loss_hw: 0.505806
error_hw: -0.295733  

loss_bm: 0.545363
error_bm: -0.314781  
--------------- iteration 24 ---------------
loss_sw: 0.508082
error_sw: -0.296843  

loss_hw: 0.461402
error_hw: -0.27372  

loss_bm: 0.495824
error_bm: -0.290843  
--------------- iteration 25 ---------------
loss_sw: 0.463384
error_sw: -0.274717  

loss_hw: 0.422532
error_hw: -0.253886  

loss_bm: 0.456453
error_bm: -0.271224  
--------------- iteration 26 ---------------
loss_sw: 0.423647
error_sw: -0.254462  

loss_hw: 0.388376
error_hw: -0.236011  

loss_bm: 0.42123
error_bm: -0.253212  
--------------- iteration 27 ---------------
loss_sw: 0.387463
error_sw: -0.235527  

loss_hw: 0.35824
error_hw: -0.219884  

loss_bm: 0.387565
error_bm: -0.235581  
--------------- iteration 28 ---------------
loss_sw: 0.354705
error_sw: -0.217971  

loss_hw: 0.331545
error_hw: -0.205315  

loss_bm: 0.359166
error_bm: -0.220385  
--------------- iteration 29 ---------------
loss_sw: 0.325323
error_sw: -0.20188  

loss_hw: 0.3078
error_hw: -0.192127  

loss_bm: 0.334101
error_bm: -0.206722  
--------------- iteration 30 ---------------
loss_sw: 0.299218
error_sw: -0.187307  

loss_hw: 0.286598
error_hw: -0.180167  

loss_bm: 0.310475
error_bm: -0.193624  
--------------- iteration 31 ---------------
loss_sw: 0.276025
error_sw: -0.174137  

loss_hw: 0.267593
error_hw: -0.169295  

loss_bm: 0.288651
error_bm: -0.181333  
--------------- iteration 32 ---------------
loss_sw: 0.25542
error_sw: -0.162257  

loss_hw: 0.250493
error_hw: -0.159391  

loss_bm: 0.271085
error_bm: -0.171304  
--------------- iteration 33 ---------------
loss_sw: 0.237014
error_sw: -0.1515  

loss_hw: 0.235054
error_hw: -0.150347  

loss_bm: 0.254137
error_bm: -0.161511  
--------------- iteration 34 ---------------
loss_sw: 0.220565
error_sw: -0.141771  

loss_hw: 0.221067
error_hw: -0.14207  

loss_bm: 0.239501
error_bm: -0.152962  
--------------- iteration 35 ---------------
loss_sw: 0.205804
error_sw: -0.132944  

loss_hw: 0.208355
error_hw: -0.134477  

loss_bm: 0.225694
error_bm: -0.144817  
--------------- iteration 36 ---------------
loss_sw: 0.192545
error_sw: -0.12494  

loss_hw: 0.196767
error_hw: -0.127497  

loss_bm: 0.21451
error_bm: -0.138161  
--------------- iteration 37 ---------------
loss_sw: 0.180602
error_sw: -0.117665  

loss_hw: 0.186172
error_hw: -0.121065  

loss_bm: 0.202771
error_bm: -0.13112  
--------------- iteration 38 ---------------
loss_sw: 0.169778
error_sw: -0.11102  

loss_hw: 0.176458
error_hw: -0.115127  

loss_bm: 0.191529
error_bm: -0.124323  
--------------- iteration 39 ---------------
loss_sw: 0.159993
error_sw: -0.10497  

loss_hw: 0.167527
error_hw: -0.109633  

loss_bm: 0.182144
error_bm: -0.118608  
--------------- iteration 40 ---------------
loss_sw: 0.151076
error_sw: -0.0994217  

loss_hw: 0.159299
error_hw: -0.10454  

loss_bm: 0.171452
error_bm: -0.112051  
--------------- iteration 41 ---------------
loss_sw: 0.142935
error_sw: -0.0943255  

loss_hw: 0.151699
error_hw: -0.0998101  

loss_bm: 0.16465
error_bm: -0.107855  
--------------- iteration 42 ---------------
loss_sw: 0.135495
error_sw: -0.0896423  

loss_hw: 0.144662
error_hw: -0.0954086  

loss_bm: 0.156354
error_bm: -0.10271  
--------------- iteration 43 ---------------
loss_sw: 0.12867
error_sw: -0.0853257  

loss_hw: 0.138134
error_hw: -0.0913061  

loss_bm: 0.14879
error_bm: -0.0979931  
--------------- iteration 44 ---------------
loss_sw: 0.122404
error_sw: -0.0813445  

loss_hw: 0.132065
error_hw: -0.0874756  

loss_bm: 0.14156
error_bm: -0.0934617  
--------------- iteration 45 ---------------
loss_sw: 0.116625
error_sw: -0.0776573  

loss_hw: 0.126413
error_hw: -0.0838934  

loss_bm: 0.134618
error_bm: -0.0890892  
--------------- iteration 46 ---------------
loss_sw: 0.1113
error_sw: -0.0742465  

loss_hw: 0.121139
error_hw: -0.0805383  

loss_bm: 0.129498
error_bm: -0.0858508  
--------------- iteration 47 ---------------
loss_sw: 0.106362
error_sw: -0.0710724  

loss_hw: 0.116208
error_hw: -0.0773908  

loss_bm: 0.124205
error_bm: -0.0824908  
--------------- iteration 48 ---------------
loss_sw: 0.101792
error_sw: -0.0681251  

loss_hw: 0.111591
error_hw: -0.0744335  

loss_bm: 0.119576
error_bm: -0.0795416  
--------------- iteration 49 ---------------
loss_sw: 0.0975406
error_sw: -0.0653751  

loss_hw: 0.107263
error_hw: -0.0716521  

loss_bm: 0.114253
error_bm: -0.0761395  
--------------- iteration 50 ---------------
loss_sw: 0.093583
error_sw: -0.0628077  

loss_hw: 0.103197
error_hw: -0.069032  

loss_bm: 0.11069
error_bm: -0.0738552  
--------------- iteration 51 ---------------
loss_sw: 0.0898895
error_sw: -0.0604053  

loss_hw: 0.0993722
error_hw: -0.0665609  

loss_bm: 0.106059
error_bm: -0.0708776  
--------------- iteration 52 ---------------
loss_sw: 0.0864431
error_sw: -0.0581581  

loss_hw: 0.0957697
error_hw: -0.0642271  

loss_bm: 0.102922
error_bm: -0.0688547  
--------------- iteration 53 ---------------
loss_sw: 0.0832089
error_sw: -0.0560443  

loss_hw: 0.092372
error_hw: -0.0620207  

loss_bm: 0.0992733
error_bm: -0.0664969  
--------------- iteration 54 ---------------
loss_sw: 0.0801746
error_sw: -0.0540568  

loss_hw: 0.0891634
error_hw: -0.0599323  

loss_bm: 0.0959487
error_bm: -0.0643432  
--------------- iteration 55 ---------------
loss_sw: 0.0773229
error_sw: -0.0521852  

loss_hw: 0.0861297
error_hw: -0.0579534  

loss_bm: 0.0936933
error_bm: -0.0628794  
--------------- iteration 56 ---------------
loss_sw: 0.0746396
error_sw: -0.0504207  

loss_hw: 0.083258
error_hw: -0.0560764  

loss_bm: 0.0908833
error_bm: -0.0610523  
--------------- iteration 57 ---------------
loss_sw: 0.0721116
error_sw: -0.0487553  

loss_hw: 0.0805364
error_hw: -0.054294  

loss_bm: 0.0883459
error_bm: -0.0593995  
--------------- iteration 58 ---------------
loss_sw: 0.0697243
error_sw: -0.04718  

loss_hw: 0.0779548
error_hw: -0.0526002  

loss_bm: 0.0860598
error_bm: -0.0579078  
--------------- iteration 59 ---------------
loss_sw: 0.0674691
error_sw: -0.0456893  

loss_hw: 0.0755025
error_hw: -0.0509885  

loss_bm: 0.0837854
error_bm: -0.0564214  
--------------- iteration 60 ---------------
loss_sw: 0.0653347
error_sw: -0.0442764  

loss_hw: 0.0731714
error_hw: -0.0494538  

loss_bm: 0.0813818
error_bm: -0.054848  
--------------- iteration 61 ---------------
loss_sw: 0.0633136
error_sw: -0.0429366  

loss_hw: 0.0709536
error_hw: -0.0479915  

loss_bm: 0.0793732
error_bm: -0.0535312  
--------------- iteration 62 ---------------
loss_sw: 0.0613948
error_sw: -0.0416629  

loss_hw: 0.0688411
error_hw: -0.0465964  

loss_bm: 0.0774003
error_bm: -0.0522361  
--------------- iteration 63 ---------------
loss_sw: 0.0595733
error_sw: -0.0404522  

loss_hw: 0.0668275
error_hw: -0.0452648  

loss_bm: 0.0756999
error_bm: -0.0511183  
--------------- iteration 64 ---------------
loss_sw: 0.0578425
error_sw: -0.0393003  

loss_hw: 0.0649057
error_hw: -0.0439922  

loss_bm: 0.0739849
error_bm: -0.0499897  
--------------- iteration 65 ---------------
loss_sw: 0.0561963
error_sw: -0.0382034  

loss_hw: 0.0630715
error_hw: -0.042776  

loss_bm: 0.0722578
error_bm: -0.0488517  
--------------- iteration 66 ---------------
loss_sw: 0.0546279
error_sw: -0.0371572  

loss_hw: 0.0613177
error_hw: -0.0416117  

loss_bm: 0.0709761
error_bm: -0.0480063  
--------------- iteration 67 ---------------
loss_sw: 0.0531318
error_sw: -0.0361582  

loss_hw: 0.0596408
error_hw: -0.040497  

loss_bm: 0.0695668
error_bm: -0.0470759  
--------------- iteration 68 ---------------
loss_sw: 0.0517019
error_sw: -0.0352025  

loss_hw: 0.0580364
error_hw: -0.0394294  

loss_bm: 0.068361
error_bm: -0.0462791  
--------------- iteration 69 ---------------
loss_sw: 0.0503347
error_sw: -0.0342877  

loss_hw: 0.0564987
error_hw: -0.038405  

loss_bm: 0.0675491
error_bm: -0.0457422  
--------------- iteration 70 ---------------
loss_sw: 0.0490256
error_sw: -0.0334111  

loss_hw: 0.0550259
error_hw: -0.0374228  

loss_bm: 0.0663482
error_bm: -0.0449476  
--------------- iteration 71 ---------------
loss_sw: 0.0477639
error_sw: -0.0325654  

loss_hw: 0.0536127
error_hw: -0.0364795  

loss_bm: 0.0650343
error_bm: -0.0440774  
--------------- iteration 72 ---------------
loss_sw: 0.0465737
error_sw: -0.0317669  

loss_hw: 0.052256
error_hw: -0.0355729  

loss_bm: 0.0641101
error_bm: -0.0434648  
--------------- iteration 73 ---------------
loss_sw: 0.0454171
error_sw: -0.0309904  

loss_hw: 0.0509539
error_hw: -0.0347021  

loss_bm: 0.0632492
error_bm: -0.0428939  
--------------- iteration 74 ---------------
loss_sw: 0.0443102
error_sw: -0.0302466  

loss_hw: 0.0497016
error_hw: -0.0338639  

loss_bm: 0.0616322
error_bm: -0.0418205  
--------------- iteration 75 ---------------
loss_sw: 0.043251
error_sw: -0.0295344  

loss_hw: 0.0484977
error_hw: -0.0330573  

loss_bm: 0.0611242
error_bm: -0.0414831  
--------------- iteration 76 ---------------
loss_sw: 0.0422382
error_sw: -0.0288529  

loss_hw: 0.0473398
error_hw: -0.0322809  

loss_bm: 0.0599042
error_bm: -0.0406721  
--------------- iteration 77 ---------------
loss_sw: 0.0412606
error_sw: -0.0281946  

loss_hw: 0.0462257
error_hw: -0.0315333  

loss_bm: 0.0598683
error_bm: -0.0406483  
--------------- iteration 78 ---------------
loss_sw: 0.0403225
error_sw: -0.0275625  

loss_hw: 0.0451514
error_hw: -0.0308119  

loss_bm: 0.0589454
error_bm: -0.0400344  
--------------- iteration 79 ---------------
loss_sw: 0.0394182
error_sw: -0.0269527  

loss_hw: 0.044117
error_hw: -0.0301167  

loss_bm: 0.0575065
error_bm: -0.0390765  
--------------- iteration 80 ---------------
loss_sw: 0.0385516
error_sw: -0.0263681  

loss_hw: 0.0431195
error_hw: -0.029446  

loss_bm: 0.056898
error_bm: -0.0386711  
--------------- iteration 81 ---------------
loss_sw: 0.0377091
error_sw: -0.0257993  

loss_hw: 0.0421568
error_hw: -0.0287981  

loss_bm: 0.0553589
error_bm: -0.037645  
--------------- iteration 82 ---------------
loss_sw: 0.0369052
error_sw: -0.0252563  

loss_hw: 0.0412279
error_hw: -0.0281725  

loss_bm: 0.0535627
error_bm: -0.0364461  
--------------- iteration 83 ---------------
loss_sw: 0.0361252
error_sw: -0.0247292  

loss_hw: 0.0403312
error_hw: -0.0275683  

loss_bm: 0.0517171
error_bm: -0.0352126  
--------------- iteration 84 ---------------
loss_sw: 0.03537
error_sw: -0.0242185  

loss_hw: 0.0394648
error_hw: -0.0269841  

loss_bm: 0.0504296
error_bm: -0.0343513  
--------------- iteration 85 ---------------
loss_sw: 0.0346448
error_sw: -0.0237279  

loss_hw: 0.0386278
error_hw: -0.0264195  

loss_bm: 0.0486757
error_bm: -0.0331766  
--------------- iteration 86 ---------------
loss_sw: 0.0339451
error_sw: -0.0232543  

loss_hw: 0.0378177
error_hw: -0.0258727  

loss_bm: 0.0473098
error_bm: -0.0322608  
--------------- iteration 87 ---------------
loss_sw: 0.0332645
error_sw: -0.0227934  

loss_hw: 0.0370348
error_hw: -0.0253439  

loss_bm: 0.0456408
error_bm: -0.0311406  
--------------- iteration 88 ---------------
loss_sw: 0.0326141
error_sw: -0.0223528  

loss_hw: 0.0362765
error_hw: -0.0248315  

loss_bm: 0.0445715
error_bm: -0.0304222  
--------------- iteration 89 ---------------
loss_sw: 0.0319742
error_sw: -0.021919  

loss_hw: 0.0355432
error_hw: -0.0243357  

loss_bm: 0.0432493
error_bm: -0.0295332  
--------------- iteration 90 ---------------
loss_sw: 0.0313715
error_sw: -0.0215104  

loss_hw: 0.0348325
error_hw: -0.0238549  

loss_bm: 0.0422977
error_bm: -0.0288929  
--------------- iteration_tl 1 ---------------
tl_loss_bm: 3.32193
tl_error_bm: 0.1  
--------------- iteration_tl 2 ---------------
tl_loss_bm: 1.36151
tl_error_bm: 0.0678696  
--------------- iteration_tl 3 ---------------
tl_loss_bm: 0.689676
tl_error_bm: 0.042223  
--------------- iteration_tl 4 ---------------
tl_loss_bm: 0.4521
tl_error_bm: 0.0298913  
--------------- iteration_tl 5 ---------------
tl_loss_bm: 0.339861
tl_error_bm: 0.0233203  
--------------- iteration_tl 6 ---------------
tl_loss_bm: 0.271952
tl_error_bm: 0.0190891  
--------------- iteration_tl 7 ---------------
tl_loss_bm: 0.228027
tl_error_bm: 0.0162442  
--------------- iteration_tl 8 ---------------
tl_loss_bm: 0.196812
tl_error_bm: 0.0141693  
--------------- iteration_tl 9 ---------------
tl_loss_bm: 0.173534
tl_error_bm: 0.0125925  
--------------- iteration_tl 10 ---------------
tl_loss_bm: 0.15633
tl_error_bm: 0.0114106  
--------------- iteration_tl 11 ---------------
tl_loss_bm: 0.141306
tl_error_bm: 0.0103669  
--------------- iteration_tl 12 ---------------
tl_loss_bm: 0.129705
tl_error_bm: 0.00955353  
--------------- iteration_tl 13 ---------------
tl_loss_bm: 0.119355
tl_error_bm: 0.00882233  
--------------- iteration_tl 14 ---------------
tl_loss_bm: 0.111127
tl_error_bm: 0.00823731  
--------------- iteration_tl 15 ---------------
tl_loss_bm: 0.103722
tl_error_bm: 0.00770789  
--------------- iteration_tl 16 ---------------
tl_loss_bm: 0.0974661
tl_error_bm: 0.00725852  
--------------- iteration_tl 17 ---------------
tl_loss_bm: 0.0918671
tl_error_bm: 0.00685471  
--------------- iteration_tl 18 ---------------
tl_loss_bm: 0.0874622
tl_error_bm: 0.00653588  
--------------- iteration_tl 19 ---------------
tl_loss_bm: 0.0827406
tl_error_bm: 0.00619309  
--------------- iteration_tl 20 ---------------
tl_loss_bm: 0.0787377
tl_error_bm: 0.0059016  
--------------- iteration_tl 21 ---------------
tl_loss_bm: 0.0751083
tl_error_bm: 0.00563659  
--------------- iteration_tl 22 ---------------
tl_loss_bm: 0.0717821
tl_error_bm: 0.00539311  
--------------- iteration_tl 23 ---------------
tl_loss_bm: 0.0687518
tl_error_bm: 0.0051708  
--------------- iteration_tl 24 ---------------
tl_loss_bm: 0.0660109
tl_error_bm: 0.00496938  
--------------- iteration_tl 25 ---------------
tl_loss_bm: 0.0634138
tl_error_bm: 0.00477813  
--------------- iteration_tl 26 ---------------
tl_loss_bm: 0.0609135
tl_error_bm: 0.00459369  
--------------- iteration_tl 27 ---------------
tl_loss_bm: 0.0589002
tl_error_bm: 0.00444496  
--------------- iteration_tl 28 ---------------
tl_loss_bm: 0.0568127
tl_error_bm: 0.00429049  
--------------- iteration_tl 29 ---------------
tl_loss_bm: 0.0549278
tl_error_bm: 0.00415083  
--------------- iteration_tl 30 ---------------
tl_loss_bm: 0.0533618
tl_error_bm: 0.00403463  
--------------- iteration_tl 31 ---------------
tl_loss_bm: 0.0519611
tl_error_bm: 0.00393065  
--------------- iteration_tl 32 ---------------
tl_loss_bm: 0.0503689
tl_error_bm: 0.00381227  
--------------- iteration_tl 33 ---------------
tl_loss_bm: 0.0488998
tl_error_bm: 0.00370297  
--------------- iteration_tl 34 ---------------
tl_loss_bm: 0.0473927
tl_error_bm: 0.0035907  
--------------- iteration_tl 35 ---------------
tl_loss_bm: 0.0460727
tl_error_bm: 0.00349227  
--------------- iteration_tl 36 ---------------
tl_loss_bm: 0.0449345
tl_error_bm: 0.00340733  
--------------- iteration_tl 37 ---------------
tl_loss_bm: 0.0437974
tl_error_bm: 0.00332244  
--------------- iteration_tl 38 ---------------
tl_loss_bm: 0.0426631
tl_error_bm: 0.00323762  
--------------- iteration_tl 39 ---------------
tl_loss_bm: 0.0415414
tl_error_bm: 0.00315376  
--------------- iteration_tl 40 ---------------
tl_loss_bm: 0.0406221
tl_error_bm: 0.00308492  
--------------- iteration_tl 41 ---------------
tl_loss_bm: 0.0397902
tl_error_bm: 0.0030226  
--------------- iteration_tl 42 ---------------
tl_loss_bm: 0.0388349
tl_error_bm: 0.00295104  
--------------- iteration_tl 43 ---------------
tl_loss_bm: 0.0378628
tl_error_bm: 0.0028781  
--------------- iteration_tl 44 ---------------
tl_loss_bm: 0.0370911
tl_error_bm: 0.00282018  
--------------- iteration_tl 45 ---------------
tl_loss_bm: 0.0365984
tl_error_bm: 0.0027832  
--------------- iteration_tl 46 ---------------
tl_loss_bm: 0.035801
tl_error_bm: 0.00272333  
--------------- iteration_tl 47 ---------------
tl_loss_bm: 0.0348903
tl_error_bm: 0.00265489  
--------------- iteration_tl 48 ---------------
tl_loss_bm: 0.0342345
tl_error_bm: 0.00260557  
--------------- iteration_tl 49 ---------------
tl_loss_bm: 0.0334803
tl_error_bm: 0.00254885  
--------------- iteration_tl 50 ---------------
tl_loss_bm: 0.0329182
tl_error_bm: 0.00250652  
--------------- iteration_tl 51 ---------------
tl_loss_bm: 0.0320982
tl_error_bm: 0.00244481  
--------------- iteration_tl 52 ---------------
tl_loss_bm: 0.0313687
tl_error_bm: 0.00238983  
--------------- iteration_tl 53 ---------------
tl_loss_bm: 0.0306688
tl_error_bm: 0.00233708  
--------------- iteration_tl 54 ---------------
tl_loss_bm: 0.029997
tl_error_bm: 0.00228641  
--------------- iteration_tl 55 ---------------
tl_loss_bm: 0.0293516
tl_error_bm: 0.00223772  
--------------- iteration_tl 56 ---------------
tl_loss_bm: 0.0287315
tl_error_bm: 0.00219088  
--------------- iteration_tl 57 ---------------
tl_loss_bm: 0.0281343
tl_error_bm: 0.00214578  
--------------- iteration_tl 58 ---------------
tl_loss_bm: 0.0275588
tl_error_bm: 0.00210234  
--------------- iteration_tl 59 ---------------
tl_loss_bm: 0.0270052
tl_error_bm: 0.00206046  
--------------- iteration_tl 60 ---------------
tl_loss_bm: 0.02647
tl_error_bm: 0.00202005  
--------------- iteration_tl 61 ---------------
tl_loss_bm: 0.0259545
tl_error_bm: 0.00198105  
--------------- iteration_tl 62 ---------------
tl_loss_bm: 0.0254568
tl_error_bm: 0.00194337  
--------------- iteration_tl 63 ---------------
tl_loss_bm: 0.0249749
tl_error_bm: 0.00190696  
--------------- iteration_tl 64 ---------------
tl_loss_bm: 0.0245104
tl_error_bm: 0.00187174  
--------------- iteration_tl 65 ---------------
tl_loss_bm: 0.0240602
tl_error_bm: 0.00183766  
--------------- iteration_tl 66 ---------------
tl_loss_bm: 0.0236246
tl_error_bm: 0.00180466  
--------------- iteration_tl 67 ---------------
tl_loss_bm: 0.0232033
tl_error_bm: 0.0017727  
--------------- iteration_tl 68 ---------------
tl_loss_bm: 0.0227945
tl_error_bm: 0.00174173  
--------------- iteration_tl 69 ---------------
tl_loss_bm: 0.0223975
tl_error_bm: 0.00171169  
--------------- iteration_tl 70 ---------------
tl_loss_bm: 0.0220141
tl_error_bm: 0.00168255  
--------------- iteration_tl 71 ---------------
tl_loss_bm: 0.0216406
tl_error_bm: 0.00165427  
--------------- iteration_tl 72 ---------------
tl_loss_bm: 0.0212787
tl_error_bm: 0.00162681  
--------------- iteration_tl 73 ---------------
tl_loss_bm: 0.0209279
tl_error_bm: 0.00160013  
--------------- iteration_tl 74 ---------------
tl_loss_bm: 0.0205866
tl_error_bm: 0.00157421  
--------------- iteration_tl 75 ---------------
tl_loss_bm: 0.0202537
tl_error_bm: 0.001549  
--------------- iteration_tl 76 ---------------
tl_loss_bm: 0.0199317
tl_error_bm: 0.00152449  
--------------- iteration_tl 77 ---------------
tl_loss_bm: 0.0196173
tl_error_bm: 0.00150064  
--------------- iteration_tl 78 ---------------
tl_loss_bm: 0.0193123
tl_error_bm: 0.00147742  
--------------- iteration_tl 79 ---------------
tl_loss_bm: 0.0190141
tl_error_bm: 0.00145482  
--------------- iteration_tl 80 ---------------
tl_loss_bm: 0.0187247
tl_error_bm: 0.0014328  
--------------- iteration_tl 81 ---------------
tl_loss_bm: 0.0184427
tl_error_bm: 0.00141135  
--------------- iteration_tl 82 ---------------
tl_loss_bm: 0.0181677
tl_error_bm: 0.00139043  
--------------- iteration_tl 83 ---------------
tl_loss_bm: 0.0178998
tl_error_bm: 0.00137005  
--------------- iteration_tl 84 ---------------
tl_loss_bm: 0.0176386
tl_error_bm: 0.00135016  
--------------- iteration_tl 85 ---------------
tl_loss_bm: 0.0173829
tl_error_bm: 0.00133076  
--------------- iteration_tl 86 ---------------
tl_loss_bm: 0.0171342
tl_error_bm: 0.00131183  
--------------- iteration_tl 87 ---------------
tl_loss_bm: 0.0168918
tl_error_bm: 0.00129335  
--------------- iteration_tl 88 ---------------
tl_loss_bm: 0.0166542
tl_error_bm: 0.0012753  
--------------- iteration_tl 89 ---------------
tl_loss_bm: 0.0164232
tl_error_bm: 0.00125767  
--------------- iteration_tl 90 ---------------
tl_loss_bm: 0.0161968
tl_error_bm: 0.00124045  
INFO: [SIM 1] CSim done with 0 errors.
INFO: [SIM 3] *************** CSIM finish ***************
